-------------------------------------------------------------------------------
Test set: Prueba de compras en My Demo App
-------------------------------------------------------------------------------
Tests run: 3, Failures: 0, Errors: 3, Skipped: 0, Time elapsed: 76.085 s <<< FAILURE! - in Prueba de compras en My Demo App
Compra de productos #1(Prueba de compras en My Demo App)  Time elapsed: 26.36 s  <<< ERROR!
net.serenitybdd.core.exceptions.StepInitialisationException: Failed to create step library for CarritoScreen:Could not instantiate class io.appium.java_client.AppiumDriver
Caused by: net.thucydides.core.webdriver.DriverConfigurationError: Could not instantiate class io.appium.java_client.AppiumDriver
Caused by: net.thucydides.core.webdriver.DriverConfigurationError: 
WebDriver was unable to create a new instance of type class io.appium.java_client.AppiumDriver
WebDriver reported the following message: Could not start a new session. Response code 500. Message: An unknown server-side error occurred while processing the command. Original error: Cannot start the 'com.saucelabs.mydemoapp.android' application. Consider checking the driver's troubleshooting documentation. Original error: 'com.saucelabs.mydemoapp.android.view.activities.SplashActivity' or 'com.saucelabs.mydemoapp.android.com.saucelabs.mydemoapp.android.view.activities.SplashActivity' never started. Consider checking the driver's troubleshooting documentation. 
Host info: host: 'GERMANMP', ip: '192.168.1.39'
Build info: version: '4.14.1', revision: '03f8ede370'
System info: os.name: 'Windows 11', os.arch: 'amd64', os.version: '10.0', java.version: '17.0.10'
Driver info: io.appium.java_client.android.AndroidDriver
Command: [null, newSession {capabilities=[{appium:app=/Users/delta/Downloads/qa-lab-mobile-automation-dec/qa-lab-mobile-automation-dec/src/test/resources/app/mda-2.0.2-23.apk, appium:automationName=UIAutomator2, appium:deviceName=Automation, appium:hub=http://localhost:4723/wd/hub, platformName=ANDROID, appium:platformVersion=11.0}], desiredCapabilities=Capabilities {app: /Users/delta/Downloads/qa-l..., automationName: UIAutomator2, deviceName: Automation, hub: http://localhost:4723/wd/hub, platformName: ANDROID, platformVersion: 11.0}}]
Capabilities {app: /Users/delta/Downloads/qa-l..., automationName: UIAutomator2, deviceName: Automation, hub: http://localhost:4723/wd/hub, platformName: ANDROID, platformVersion: 11.0}
See below for more details.
Caused by: org.openqa.selenium.SessionNotCreatedException: 
Could not start a new session. Response code 500. Message: An unknown server-side error occurred while processing the command. Original error: Cannot start the 'com.saucelabs.mydemoapp.android' application. Consider checking the driver's troubleshooting documentation. Original error: 'com.saucelabs.mydemoapp.android.view.activities.SplashActivity' or 'com.saucelabs.mydemoapp.android.com.saucelabs.mydemoapp.android.view.activities.SplashActivity' never started. Consider checking the driver's troubleshooting documentation. 
Host info: host: 'GERMANMP', ip: '192.168.1.39'
Build info: version: '4.14.1', revision: '03f8ede370'
System info: os.name: 'Windows 11', os.arch: 'amd64', os.version: '10.0', java.version: '17.0.10'
Driver info: io.appium.java_client.android.AndroidDriver
Command: [null, newSession {capabilities=[{appium:app=/Users/delta/Downloads/qa-lab-mobile-automation-dec/qa-lab-mobile-automation-dec/src/test/resources/app/mda-2.0.2-23.apk, appium:automationName=UIAutomator2, appium:deviceName=Automation, appium:hub=http://localhost:4723/wd/hub, platformName=ANDROID, appium:platformVersion=11.0}], desiredCapabilities=Capabilities {app: /Users/delta/Downloads/qa-l..., automationName: UIAutomator2, deviceName: Automation, hub: http://localhost:4723/wd/hub, platformName: ANDROID, platformVersion: 11.0}}]
Capabilities {app: /Users/delta/Downloads/qa-l..., automationName: UIAutomator2, deviceName: Automation, hub: http://localhost:4723/wd/hub, platformName: ANDROID, platformVersion: 11.0}

Compra de productos #2(Prueba de compras en My Demo App)  Time elapsed: 24.817 s  <<< ERROR!
net.serenitybdd.core.exceptions.StepInitialisationException: Failed to create step library for CarritoScreen:Could not instantiate class io.appium.java_client.AppiumDriver
Caused by: net.thucydides.core.webdriver.DriverConfigurationError: Could not instantiate class io.appium.java_client.AppiumDriver
Caused by: net.thucydides.core.webdriver.DriverConfigurationError: 
WebDriver was unable to create a new instance of type class io.appium.java_client.AppiumDriver
WebDriver reported the following message: Could not start a new session. Response code 500. Message: An unknown server-side error occurred while processing the command. Original error: Cannot start the 'com.saucelabs.mydemoapp.android' application. Consider checking the driver's troubleshooting documentation. Original error: 'com.saucelabs.mydemoapp.android.view.activities.SplashActivity' or 'com.saucelabs.mydemoapp.android.com.saucelabs.mydemoapp.android.view.activities.SplashActivity' never started. Consider checking the driver's troubleshooting documentation. 
Host info: host: 'GERMANMP', ip: '192.168.1.39'
Build info: version: '4.14.1', revision: '03f8ede370'
System info: os.name: 'Windows 11', os.arch: 'amd64', os.version: '10.0', java.version: '17.0.10'
Driver info: io.appium.java_client.android.AndroidDriver
Command: [null, newSession {capabilities=[{appium:app=/Users/delta/Downloads/qa-lab-mobile-automation-dec/qa-lab-mobile-automation-dec/src/test/resources/app/mda-2.0.2-23.apk, appium:automationName=UIAutomator2, appium:deviceName=Automation, appium:hub=http://localhost:4723/wd/hub, platformName=ANDROID, appium:platformVersion=11.0}], desiredCapabilities=Capabilities {app: /Users/delta/Downloads/qa-l..., automationName: UIAutomator2, deviceName: Automation, hub: http://localhost:4723/wd/hub, platformName: ANDROID, platformVersion: 11.0}}]
Capabilities {app: /Users/delta/Downloads/qa-l..., automationName: UIAutomator2, deviceName: Automation, hub: http://localhost:4723/wd/hub, platformName: ANDROID, platformVersion: 11.0}
See below for more details.
Caused by: org.openqa.selenium.SessionNotCreatedException: 
Could not start a new session. Response code 500. Message: An unknown server-side error occurred while processing the command. Original error: Cannot start the 'com.saucelabs.mydemoapp.android' application. Consider checking the driver's troubleshooting documentation. Original error: 'com.saucelabs.mydemoapp.android.view.activities.SplashActivity' or 'com.saucelabs.mydemoapp.android.com.saucelabs.mydemoapp.android.view.activities.SplashActivity' never started. Consider checking the driver's troubleshooting documentation. 
Host info: host: 'GERMANMP', ip: '192.168.1.39'
Build info: version: '4.14.1', revision: '03f8ede370'
System info: os.name: 'Windows 11', os.arch: 'amd64', os.version: '10.0', java.version: '17.0.10'
Driver info: io.appium.java_client.android.AndroidDriver
Command: [null, newSession {capabilities=[{appium:app=/Users/delta/Downloads/qa-lab-mobile-automation-dec/qa-lab-mobile-automation-dec/src/test/resources/app/mda-2.0.2-23.apk, appium:automationName=UIAutomator2, appium:deviceName=Automation, appium:hub=http://localhost:4723/wd/hub, platformName=ANDROID, appium:platformVersion=11.0}], desiredCapabilities=Capabilities {app: /Users/delta/Downloads/qa-l..., automationName: UIAutomator2, deviceName: Automation, hub: http://localhost:4723/wd/hub, platformName: ANDROID, platformVersion: 11.0}}]
Capabilities {app: /Users/delta/Downloads/qa-l..., automationName: UIAutomator2, deviceName: Automation, hub: http://localhost:4723/wd/hub, platformName: ANDROID, platformVersion: 11.0}

Compra de productos #3(Prueba de compras en My Demo App)  Time elapsed: 24.793 s  <<< ERROR!
net.serenitybdd.core.exceptions.StepInitialisationException: Failed to create step library for CarritoScreen:Could not instantiate class io.appium.java_client.AppiumDriver
Caused by: net.thucydides.core.webdriver.DriverConfigurationError: Could not instantiate class io.appium.java_client.AppiumDriver
Caused by: net.thucydides.core.webdriver.DriverConfigurationError: 
WebDriver was unable to create a new instance of type class io.appium.java_client.AppiumDriver
WebDriver reported the following message: Could not start a new session. Response code 500. Message: An unknown server-side error occurred while processing the command. Original error: Cannot start the 'com.saucelabs.mydemoapp.android' application. Consider checking the driver's troubleshooting documentation. Original error: 'com.saucelabs.mydemoapp.android.view.activities.SplashActivity' or 'com.saucelabs.mydemoapp.android.com.saucelabs.mydemoapp.android.view.activities.SplashActivity' never started. Consider checking the driver's troubleshooting documentation. 
Host info: host: 'GERMANMP', ip: '192.168.1.39'
Build info: version: '4.14.1', revision: '03f8ede370'
System info: os.name: 'Windows 11', os.arch: 'amd64', os.version: '10.0', java.version: '17.0.10'
Driver info: io.appium.java_client.android.AndroidDriver
Command: [null, newSession {capabilities=[{appium:app=/Users/delta/Downloads/qa-lab-mobile-automation-dec/qa-lab-mobile-automation-dec/src/test/resources/app/mda-2.0.2-23.apk, appium:automationName=UIAutomator2, appium:deviceName=Automation, appium:hub=http://localhost:4723/wd/hub, platformName=ANDROID, appium:platformVersion=11.0}], desiredCapabilities=Capabilities {app: /Users/delta/Downloads/qa-l..., automationName: UIAutomator2, deviceName: Automation, hub: http://localhost:4723/wd/hub, platformName: ANDROID, platformVersion: 11.0}}]
Capabilities {app: /Users/delta/Downloads/qa-l..., automationName: UIAutomator2, deviceName: Automation, hub: http://localhost:4723/wd/hub, platformName: ANDROID, platformVersion: 11.0}
See below for more details.
Caused by: org.openqa.selenium.SessionNotCreatedException: 
Could not start a new session. Response code 500. Message: An unknown server-side error occurred while processing the command. Original error: Cannot start the 'com.saucelabs.mydemoapp.android' application. Consider checking the driver's troubleshooting documentation. Original error: 'com.saucelabs.mydemoapp.android.view.activities.SplashActivity' or 'com.saucelabs.mydemoapp.android.com.saucelabs.mydemoapp.android.view.activities.SplashActivity' never started. Consider checking the driver's troubleshooting documentation. 
Host info: host: 'GERMANMP', ip: '192.168.1.39'
Build info: version: '4.14.1', revision: '03f8ede370'
System info: os.name: 'Windows 11', os.arch: 'amd64', os.version: '10.0', java.version: '17.0.10'
Driver info: io.appium.java_client.android.AndroidDriver
Command: [null, newSession {capabilities=[{appium:app=/Users/delta/Downloads/qa-lab-mobile-automation-dec/qa-lab-mobile-automation-dec/src/test/resources/app/mda-2.0.2-23.apk, appium:automationName=UIAutomator2, appium:deviceName=Automation, appium:hub=http://localhost:4723/wd/hub, platformName=ANDROID, appium:platformVersion=11.0}], desiredCapabilities=Capabilities {app: /Users/delta/Downloads/qa-l..., automationName: UIAutomator2, deviceName: Automation, hub: http://localhost:4723/wd/hub, platformName: ANDROID, platformVersion: 11.0}}]
Capabilities {app: /Users/delta/Downloads/qa-l..., automationName: UIAutomator2, deviceName: Automation, hub: http://localhost:4723/wd/hub, platformName: ANDROID, platformVersion: 11.0}

