<?xml version="1.0" encoding="UTF-8"?>
<testsuite xmlns:xsi="http://www.w3.org/2001/XMLSchema-instance" xsi:noNamespaceSchemaLocation="https://maven.apache.org/surefire/maven-failsafe-plugin/xsd/failsafe-test-report.xsd" name="Prueba de compras en My Demo App" time="76.085" tests="3" errors="3" skipped="0" failures="0">
  <properties>
[...]
</properties>
  <testcase name="Compra de productos #1" classname="Prueba de compras en My Demo App" time="26.36">
    <error message="Failed to create step library for CarritoScreen:Could not instantiate class io.appium.java_client.AppiumDriver" type="net.serenitybdd.core.exceptions.StepInitialisationException">net.serenitybdd.core.exceptions.StepInitialisationException: Failed to create step library for CarritoScreen:Could not instantiate class io.appium.java_client.AppiumDriver
Caused by: net.thucydides.core.webdriver.DriverConfigurationError: Could not instantiate class io.appium.java_client.AppiumDriver
Caused by: net.thucydides.core.webdriver.DriverConfigurationError: 
WebDriver was unable to create a new instance of type class io.appium.java_client.AppiumDriver
WebDriver reported the following message: Could not start a new session. Response code 500. Message: An unknown server-side error occurred while processing the command. Original error: Cannot start the 'com.saucelabs.mydemoapp.android' application. Consider checking the driver's troubleshooting documentation. Original error: 'com.saucelabs.mydemoapp.android.view.activities.SplashActivity' or 'com.saucelabs.mydemoapp.android.com.saucelabs.mydemoapp.android.view.activities.SplashActivity' never started. Consider checking the driver's troubleshooting documentation. 
Host info: host: 'GERMANMP', ip: '192.168.1.39'
Build info: version: '4.14.1', revision: '03f8ede370'
System info: os.name: 'Windows 11', os.arch: 'amd64', os.version: '10.0', java.version: '17.0.10'
Driver info: io.appium.java_client.android.AndroidDriver
Command: [null, newSession {capabilities=[{appium:app=/Users/delta/Downloads/qa-lab-mobile-automation-dec/qa-lab-mobile-automation-dec/src/test/resources/app/mda-2.0.2-23.apk, appium:automationName=UIAutomator2, appium:deviceName=Automation, appium:hub=http://localhost:4723/wd/hub, platformName=ANDROID, appium:platformVersion=11.0}], desiredCapabilities=Capabilities {app: /Users/delta/Downloads/qa-l..., automationName: UIAutomator2, deviceName: Automation, hub: http://localhost:4723/wd/hub, platformName: ANDROID, platformVersion: 11.0}}]
Capabilities {app: /Users/delta/Downloads/qa-l..., automationName: UIAutomator2, deviceName: Automation, hub: http://localhost:4723/wd/hub, platformName: ANDROID, platformVersion: 11.0}
See below for more details.
Caused by: org.openqa.selenium.SessionNotCreatedException: 
Could not start a new session. Response code 500. Message: An unknown server-side error occurred while processing the command. Original error: Cannot start the 'com.saucelabs.mydemoapp.android' application. Consider checking the driver's troubleshooting documentation. Original error: 'com.saucelabs.mydemoapp.android.view.activities.SplashActivity' or 'com.saucelabs.mydemoapp.android.com.saucelabs.mydemoapp.android.view.activities.SplashActivity' never started. Consider checking the driver's troubleshooting documentation. 
Host info: host: 'GERMANMP', ip: '192.168.1.39'
Build info: version: '4.14.1', revision: '03f8ede370'
System info: os.name: 'Windows 11', os.arch: 'amd64', os.version: '10.0', java.version: '17.0.10'
Driver info: io.appium.java_client.android.AndroidDriver
Command: [null, newSession {capabilities=[{appium:app=/Users/delta/Downloads/qa-lab-mobile-automation-dec/qa-lab-mobile-automation-dec/src/test/resources/app/mda-2.0.2-23.apk, appium:automationName=UIAutomator2, appium:deviceName=Automation, appium:hub=http://localhost:4723/wd/hub, platformName=ANDROID, appium:platformVersion=11.0}], desiredCapabilities=Capabilities {app: /Users/delta/Downloads/qa-l..., automationName: UIAutomator2, deviceName: Automation, hub: http://localhost:4723/wd/hub, platformName: ANDROID, platformVersion: 11.0}}]
Capabilities {app: /Users/delta/Downloads/qa-l..., automationName: UIAutomator2, deviceName: Automation, hub: http://localhost:4723/wd/hub, platformName: ANDROID, platformVersion: 11.0}
</error>
    <system-out><![CDATA[21:11:22.963 [pool-1-thread-1] DEBUG io.cucumber.core.plugin.SerenityReporter - Running feature from file:///C:/Users/delta/Downloads/qa-lab-mobile-automation-dec/qa-lab-mobile-automation-dec/src/test/resources/features/login.feature
21:11:23.043 [pool-1-thread-1] INFO  - 

-------------------------------------------------------------------------------------
     _______. _______ .______       _______ .__   __.  __  .___________.____    ____ 
    /       ||   ____||   _  \     |   ____||  \ |  | |  | |           |\   \  /   / 
   |   (----`|  |__   |  |_)  |    |  |__   |   \|  | |  | `---|  |----` \   \/   /  
    \   \    |   __|  |      /     |   __|  |  . `  | |  |     |  |       \_    _/   
.----)   |   |  |____ |  |\  \----.|  |____ |  |\   | |  |     |  |         |  |     
|_______/    |_______|| _| `._____||_______||__| \__| |__|     |__|         |__|    
                                                                                     
 News and tutorials at https://serenity-bdd.info                                     
 Documentation at https://serenity-bdd.github.io                                     
 Test Automation Training and Coaching: https://www.serenity-dojo.com                
 Commercial Support: https://www.serenity-dojo.com/serenity-bdd-enterprise-support   
 Join the Serenity Community on Gitter: https://gitter.im/serenity-bdd/serenity-core 
-------------------------------------------------------------------------------------

21:11:23.054 [pool-1-thread-1] DEBUG net.thucydides.core.steps.StepEventBus - Test suite started for story net.thucydides.model.domain.Story@c4bded20
21:11:23.058 [pool-1-thread-1] INFO  - Test Suite Started: Prueba de compras en My Demo App
21:11:23.127 [pool-1-thread-1] DEBUG io.cucumber.core.plugin.SerenityReporter - Running feature from file:///C:/Users/delta/Downloads/qa-lab-mobile-automation-dec/qa-lab-mobile-automation-dec/src/test/resources/features/login.feature
21:11:23.132 [pool-1-thread-1] DEBUG net.thucydides.core.steps.StepEventBus - Test suite started for story net.thucydides.model.domain.Story@c4bded20
21:11:23.133 [pool-1-thread-1] INFO  - Test Suite Started: Prueba de compras en My Demo App
21:11:49.512 [pool-1-thread-1] ERROR  - 
  _____   ___   ___   _____     ___   ___   ___    ___    ___ 
 |_   _| | __| / __| |_   _|   | __| | _ \ | _ \  / _ \  | _ \
   | |   | _|  \__ \   | |     | _|  |   / |   / | (_) | |   /
   |_|   |___| |___/   |_|     |___| |_|_\ |_|_\  \___/  |_|_\

Compra de productos
---------------------------------------------------------------
21:11:49.516 [pool-1-thread-1] DEBUG  - RELATED ISSUES: 
21:11:49.576 [pool-1-thread-1] ERROR  -     Test failed at step: Given estoy en la aplicación de SauceLabs
21:11:49.576 [pool-1-thread-1] ERROR  -     Could not instantiate class io.appium.java_client.AppiumDriver
21:12:39.244 [pool-1-thread-1] DEBUG net.thucydides.model.reports.ReportService - Reporting formats: [JSON]
21:12:39.250 [pool-1-thread-1] DEBUG net.thucydides.model.reports.ReportService - Reporting formats: [JSON]
21:12:39.262 [pool-1-thread-1] DEBUG net.thucydides.model.reports.ReportService - Generating reports for 1 test outcomes using: net.thucydides.model.reports.json.JSONTestOutcomeReporter@aba18b5
21:12:39.264 [pool-4-thread-1] DEBUG net.thucydides.model.reports.ReportService - Processing test outcome Prueba de compras en My Demo App:Compra de productos
21:12:39.264 [pool-4-thread-1] DEBUG net.thucydides.model.reports.ReportService - net.thucydides.model.reports.json.JSONTestOutcomeReporter@aba18b5: Generating report for test outcome: Prueba de compras en My Demo App:Compra de productos
21:12:39.276 [pool-4-thread-1] DEBUG net.thucydides.model.reports.json.JSONTestOutcomeReporter - Generating JSON report for Compra de productos to file C:\Users\delta\Downloads\qa-lab-mobile-automation-dec\qa-lab-mobile-automation-dec\target\site\serenity\c4276dabd640bfc7266d9d07c405e4c482c42be7cb708cd2931c8a917fcbd2b4.json)
21:12:39.331 [pool-4-thread-1] DEBUG net.thucydides.model.reports.ReportService - Processing test outcome Prueba de compras en My Demo App:Compra de productos done
21:12:39.331 [pool-1-thread-1] DEBUG net.thucydides.model.reports.ReportService - Shutting down executor service
21:12:39.332 [pool-1-thread-1] DEBUG net.thucydides.model.reports.ReportService - Reports generated in: 69 ms

@pruebas @compras
Scenario Outline: Compra de productos                              &amp#27;[90m# src/test/resources/features/login.feature:12&amp#27;[0m
21:11:23.219 [pool-1-thread-1] DEBUG io.cucumber.core.plugin.SerenityReporter - Running feature from file:///C:/Users/delta/Downloads/qa-lab-mobile-automation-dec/qa-lab-mobile-automation-dec/src/test/resources/features/login.feature
21:11:23.340 [pool-1-thread-1] INFO  - 
  _____   ___   ___   _____     ___   _____     _     ___   _____   ___   ___  
 |_   _| | __| / __| |_   _|   / __| |_   _|   /_\   | _ \ |_   _| | __| |   \ 
   | |   | _|  \__ \   | |     \__ \   | |    / _ \  |   /   | |   | _|  | |) |
   |_|   |___| |___/   |_|     |___/   |_|   /_/ \_\ |_|_\   |_|   |___| |___/ 

Compra de productos(prueba-de-compras-en-my-demo-app;compra-de-productos)
--------------------------------------------------------------------------------
  &amp#27;[31mGiven &amp#27;[0m&amp#27;[31mestoy en la aplicaciÃ³n de SauceLabs&amp#27;[0m                        &amp#27;[90m# com.nttdata.stepsdefinitions.CompraStepsDefs.estoyEnLaAplicaciÃ³nDeSauceLabs()&amp#27;[0m
      &amp#27;[31mnet.serenitybdd.core.exceptions.StepInitialisationException: Failed to create step library for CarritoScreen:Could not instantiate class io.appium.java_client.AppiumDriver
	at net.thucydides.core.steps.StepFactory.getNewStepLibraryFor(StepFactory.java:132)
	at net.thucydides.core.steps.IndividualInstancesByDefaultStepCreationStrategy.initiateStepsFor(IndividualInstancesByDefaultStepCreationStrategy.java:16)
	at net.thucydides.core.steps.StepAnnotations.instantiateAnyUnitiaializedSteps(StepAnnotations.java:89)
	at net.thucydides.core.steps.StepAnnotations.instanciateScenarioStepFields(StepAnnotations.java:70)
	at net.thucydides.core.steps.StepAnnotations.injectScenarioStepsInto(StepAnnotations.java:52)
	at net.serenitybdd.core.Serenity.injectScenarioStepsInto(Serenity.java:147)
	at net.serenitybdd.core.Serenity.initializeWithNoStepListener(Serenity.java:115)
	at cucumber.runtime.SerenityObjectFactory.newInstance(SerenityObjectFactory.java:74)
	at cucumber.runtime.SerenityObjectFactory.cacheNewInstance(SerenityObjectFactory.java:57)
	at cucumber.runtime.SerenityObjectFactory.getInstance(SerenityObjectFactory.java:47)
	at io.cucumber.java.AbstractGlueDefinition.invokeMethod(AbstractGlueDefinition.java:47)
	at io.cucumber.java.JavaStepDefinition.execute(JavaStepDefinition.java:29)
	at io.cucumber.core.runner.CoreStepDefinition.execute(CoreStepDefinition.java:66)
	at io.cucumber.core.runner.PickleStepDefinitionMatch.runStep(PickleStepDefinitionMatch.java:63)
	at io.cucumber.core.runner.ExecutionMode$1.execute(ExecutionMode.java:10)
	at io.cucumber.core.runner.TestStep.executeStep(TestStep.java:84)
	at io.cucumber.core.runner.TestStep.run(TestStep.java:56)
	at io.cucumber.core.runner.PickleStepTestStep.run(PickleStepTestStep.java:51)
	at io.cucumber.core.runner.TestCase.run(TestCase.java:84)
	at io.cucumber.core.runner.Runner.runPickle(Runner.java:75)
	at io.cucumber.junit.PickleRunners$NoStepDescriptions.lambda$run$0(PickleRunners.java:151)
	at io.cucumber.core.runtime.CucumberExecutionContext.lambda$runTestCase$5(CucumberExecutionContext.java:137)
	at io.cucumber.core.runtime.RethrowingThrowableCollector.executeAndThrow(RethrowingThrowableCollector.java:23)
	at io.cucumber.core.runtime.CucumberExecutionContext.runTestCase(CucumberExecutionContext.java:137)
	at io.cucumber.junit.PickleRunners$NoStepDescriptions.run(PickleRunners.java:148)
	at io.cucumber.junit.FeatureRunner.runChild(FeatureRunner.java:144)
	at io.cucumber.junit.FeatureRunner.runChild(FeatureRunner.java:28)
	at org.junit.runners.ParentRunner$4.run(ParentRunner.java:331)
	at org.junit.runners.ParentRunner$1.schedule(ParentRunner.java:79)
	at org.junit.runners.ParentRunner.runChildren(ParentRunner.java:329)
	at org.junit.runners.ParentRunner.access$100(ParentRunner.java:66)
	at org.junit.runners.ParentRunner$2.evaluate(ParentRunner.java:293)
	at org.junit.runners.ParentRunner$3.evaluate(ParentRunner.java:306)
	at org.junit.runners.ParentRunner.run(ParentRunner.java:413)
	at io.cucumber.junit.FeatureRunner.run(FeatureRunner.java:137)
	at io.cucumber.junit.CucumberSerenityBaseRunner.runChild(CucumberSerenityBaseRunner.java:332)
	at io.cucumber.junit.CucumberSerenityBaseRunner.runChild(CucumberSerenityBaseRunner.java:53)
	at org.junit.runners.ParentRunner$4.run(ParentRunner.java:331)
	at org.apache.maven.surefire.junitcore.pc.Scheduler$1.run(Scheduler.java:410)
	at org.apache.maven.surefire.junitcore.pc.InvokerStrategy.schedule(InvokerStrategy.java:54)
	at org.apache.maven.surefire.junitcore.pc.Scheduler.schedule(Scheduler.java:367)
	at org.junit.runners.ParentRunner.runChildren(ParentRunner.java:329)
	at org.junit.runners.ParentRunner.access$100(ParentRunner.java:66)
	at org.junit.runners.ParentRunner$2.evaluate(ParentRunner.java:293)
	at io.cucumber.junit.CucumberSerenityBaseRunner$RunCucumber.evaluate(CucumberSerenityBaseRunner.java:363)
	at org.junit.runners.ParentRunner$3.evaluate(ParentRunner.java:306)
	at org.junit.runners.ParentRunner.run(ParentRunner.java:413)
	at org.junit.runners.Suite.runChild(Suite.java:128)
	at org.junit.runners.Suite.runChild(Suite.java:27)
	at org.junit.runners.ParentRunner$4.run(ParentRunner.java:331)
	at org.apache.maven.surefire.junitcore.pc.Scheduler$1.run(Scheduler.java:410)
	at java.base/java.util.concurrent.Executors$RunnableAdapter.call(Executors.java:539)
	at java.base/java.util.concurrent.FutureTask.run(FutureTask.java:264)
	at java.base/java.util.concurrent.ThreadPoolExecutor.runWorker(ThreadPoolExecutor.java:1136)
	at java.base/java.util.concurrent.ThreadPoolExecutor$Worker.run(ThreadPoolExecutor.java:635)
	at java.base/java.lang.Thread.run(Thread.java:842)
Caused by: net.thucydides.core.webdriver.DriverConfigurationError: Could not instantiate class io.appium.java_client.AppiumDriver
	at net.thucydides.core.webdriver.WebDriverFacade.newDriverInstance(WebDriverFacade.java:181)
	at net.thucydides.core.webdriver.WebDriverFacade.newProxyDriver(WebDriverFacade.java:169)
	at net.thucydides.core.webdriver.WebDriverFacade.getProxiedDriver(WebDriverFacade.java:120)
	at net.serenitybdd.core.webdriver.RemoteDriver.of(RemoteDriver.java:18)
	at net.thucydides.core.webdriver.appium.AppiumConfiguration.getTargetPlatform(AppiumConfiguration.java:55)
	at net.thucydides.core.webdriver.ElementLocatorFactorySelector.platformFor(ElementLocatorFactorySelector.java:52)
	at net.thucydides.core.webdriver.ElementLocatorFactorySelector.getLocatorFor(ElementLocatorFactorySelector.java:42)
	at net.thucydides.core.webdriver.ElementLocatorFactorySelector.getLocatorFor(ElementLocatorFactorySelector.java:31)
	at net.thucydides.core.annotations.locators.SmartElementProxyCreator.proxyElements(SmartElementProxyCreator.java:21)
	at net.thucydides.core.webdriver.DefaultPageObjectInitialiser.apply(DefaultPageObjectInitialiser.java:20)
	at net.serenitybdd.core.pages.PageObject.setDriver(PageObject.java:167)
	at com.nttdata.steps.CarritoScreen$ByteBuddy$G33QwQu6.setDriver$accessor$jgX0n2Iu(Unknown Source)
	at java.base/jdk.internal.reflect.NativeMethodAccessorImpl.invoke0(Native Method)
	at java.base/jdk.internal.reflect.NativeMethodAccessorImpl.invoke(NativeMethodAccessorImpl.java:77)
	at java.base/jdk.internal.reflect.DelegatingMethodAccessorImpl.invoke(DelegatingMethodAccessorImpl.java:43)
	at java.base/java.lang.reflect.Method.invoke(Method.java:568)
	at net.thucydides.core.steps.StepInterceptor.invokeMethod(StepInterceptor.java:519)
	at net.thucydides.core.steps.StepInterceptor.runBaseObjectMethod(StepInterceptor.java:411)
	at net.thucydides.core.steps.StepInterceptor.intercept(StepInterceptor.java:90)
	at net.thucydides.core.steps.ProxyConfiguration$InterceptorDispatcher.intercept(ProxyConfiguration.java:51)
	at com.nttdata.steps.CarritoScreen$ByteBuddy$G33QwQu6.setDriver(Unknown Source)
	at net.serenitybdd.core.pages.PageObject.setDriver(PageObject.java:171)
	at com.nttdata.steps.CarritoScreen$ByteBuddy$G33QwQu6.setDriver$accessor$jgX0n2Iu(Unknown Source)
	at java.base/jdk.internal.reflect.NativeMethodAccessorImpl.invoke0(Native Method)
	at java.base/jdk.internal.reflect.NativeMethodAccessorImpl.invoke(NativeMethodAccessorImpl.java:77)
	at java.base/jdk.internal.reflect.DelegatingMethodAccessorImpl.invoke(DelegatingMethodAccessorImpl.java:43)
	at java.base/java.lang.reflect.Method.invoke(Method.java:568)
	at net.thucydides.core.steps.StepInterceptor.invokeMethod(StepInterceptor.java:519)
	at net.thucydides.core.steps.StepInterceptor.runBaseObjectMethod(StepInterceptor.java:411)
	at net.thucydides.core.steps.StepInterceptor.intercept(StepInterceptor.java:90)
	at net.thucydides.core.steps.ProxyConfiguration$InterceptorDispatcher.intercept(ProxyConfiguration.java:51)
	at com.nttdata.steps.CarritoScreen$ByteBuddy$G33QwQu6.setDriver(Unknown Source)
	at net.thucydides.core.steps.PageObjectDependencyInjector.updatePageObject(PageObjectDependencyInjector.java:98)
	at net.thucydides.core.steps.PageObjectDependencyInjector.injectDependenciesInto(PageObjectDependencyInjector.java:48)
	at net.thucydides.core.steps.StepFactory.injectOtherDependenciesInto(StepFactory.java:208)
	at net.thucydides.core.steps.StepFactory.instantiateNewStepLibraryFor(StepFactory.java:198)
	at net.thucydides.core.steps.StepFactory.instantiateNewStepLibraryFor(StepFactory.java:179)
	at net.thucydides.core.steps.StepFactory.getNewStepLibraryFor(StepFactory.java:126)
	... 55 more
Caused by: net.thucydides.core.webdriver.DriverConfigurationError: WebDriver was unable to create a new instance of type class io.appium.java_client.AppiumDriver
WebDriver reported the following message: Could not start a new session. Response code 500. Message: An unknown server-side error occurred while processing the command. Original error: Cannot start the 'com.saucelabs.mydemoapp.android' application. Consider checking the driver's troubleshooting documentation. Original error: 'com.saucelabs.mydemoapp.android.view.activities.SplashActivity' or 'com.saucelabs.mydemoapp.android.com.saucelabs.mydemoapp.android.view.activities.SplashActivity' never started. Consider checking the driver's troubleshooting documentation. 
Host info: host: 'GERMANMP', ip: '192.168.1.39'
Build info: version: '4.14.1', revision: '03f8ede370'
System info: os.name: 'Windows 11', os.arch: 'amd64', os.version: '10.0', java.version: '17.0.10'
Driver info: io.appium.java_client.android.AndroidDriver
Command: [null, newSession {capabilities=[{appium:app=/Users/delta/Downloads/qa-lab-mobile-automation-dec/qa-lab-mobile-automation-dec/src/test/resources/app/mda-2.0.2-23.apk, appium:automationName=UIAutomator2, appium:deviceName=Automation, appium:hub=http://localhost:4723/wd/hub, platformName=ANDROID, appium:platformVersion=11.0}], desiredCapabilities=Capabilities {app: /Users/delta/Downloads/qa-l..., automationName: UIAutomator2, deviceName: Automation, hub: http://localhost:4723/wd/hub, platformName: ANDROID, platformVersion: 11.0}}]
Capabilities {app: /Users/delta/Downloads/qa-l..., automationName: UIAutomator2, deviceName: Automation, hub: http://localhost:4723/wd/hub, platformName: ANDROID, platformVersion: 11.0}
See below for more details.
	at net.thucydides.core.webdriver.WebDriverFactory.newWebdriverInstance(WebDriverFactory.java:152)
	at net.thucydides.core.webdriver.WebDriverFacade.newDriverInstance(WebDriverFacade.java:178)
	... 92 more
Caused by: org.openqa.selenium.SessionNotCreatedException: Could not start a new session. Response code 500. Message: An unknown server-side error occurred while processing the command. Original error: Cannot start the 'com.saucelabs.mydemoapp.android' application. Consider checking the driver's troubleshooting documentation. Original error: 'com.saucelabs.mydemoapp.android.view.activities.SplashActivity' or 'com.saucelabs.mydemoapp.android.com.saucelabs.mydemoapp.android.view.activities.SplashActivity' never started. Consider checking the driver's troubleshooting documentation. 
Host info: host: 'GERMANMP', ip: '192.168.1.39'
Build info: version: '4.14.1', revision: '03f8ede370'
System info: os.name: 'Windows 11', os.arch: 'amd64', os.version: '10.0', java.version: '17.0.10'
Driver info: io.appium.java_client.android.AndroidDriver
Command: [null, newSession {capabilities=[{appium:app=/Users/delta/Downloads/qa-lab-mobile-automation-dec/qa-lab-mobile-automation-dec/src/test/resources/app/mda-2.0.2-23.apk, appium:automationName=UIAutomator2, appium:deviceName=Automation, appium:hub=http://localhost:4723/wd/hub, platformName=ANDROID, appium:platformVersion=11.0}], desiredCapabilities=Capabilities {app: /Users/delta/Downloads/qa-l..., automationName: UIAutomator2, deviceName: Automation, hub: http://localhost:4723/wd/hub, platformName: ANDROID, platformVersion: 11.0}}]
Capabilities {app: /Users/delta/Downloads/qa-l..., automationName: UIAutomator2, deviceName: Automation, hub: http://localhost:4723/wd/hub, platformName: ANDROID, platformVersion: 11.0}
	at org.openqa.selenium.remote.ProtocolHandshake.createSession(ProtocolHandshake.java:140)
	at java.base/jdk.internal.reflect.NativeMethodAccessorImpl.invoke0(Native Method)
	at java.base/jdk.internal.reflect.NativeMethodAccessorImpl.invoke(NativeMethodAccessorImpl.java:77)
	at java.base/jdk.internal.reflect.DelegatingMethodAccessorImpl.invoke(DelegatingMethodAccessorImpl.java:43)
	at java.base/java.lang.reflect.Method.invoke(Method.java:568)
	at io.appium.java_client.remote.AppiumProtocolHandshake.createSession(AppiumProtocolHandshake.java:133)
	at io.appium.java_client.remote.AppiumProtocolHandshake.createSession(AppiumProtocolHandshake.java:102)
	at io.appium.java_client.remote.AppiumCommandExecutor.createSession(AppiumCommandExecutor.java:177)
	at io.appium.java_client.remote.AppiumCommandExecutor.execute(AppiumCommandExecutor.java:238)
	at org.openqa.selenium.remote.RemoteWebDriver.execute(RemoteWebDriver.java:602)
	at io.appium.java_client.AppiumDriver.startSession(AppiumDriver.java:268)
	at org.openqa.selenium.remote.RemoteWebDriver.<init>(RemoteWebDriver.java:163)
	at io.appium.java_client.AppiumDriver.<init>(AppiumDriver.java:90)
	at io.appium.java_client.AppiumDriver.<init>(AppiumDriver.java:102)
	at io.appium.java_client.android.AndroidDriver.<init>(AndroidDriver.java:109)
	at net.serenitybdd.core.webdriver.driverproviders.AppiumDriverProvider.newDriverUsingExternalServer(AppiumDriverProvider.java:61)
	at net.serenitybdd.core.webdriver.driverproviders.AppiumDriverProvider.newInstance(AppiumDriverProvider.java:49)
	at net.thucydides.core.webdriver.WebDriverFactory.createWebDriver(WebDriverFactory.java:164)
	at net.thucydides.core.webdriver.WebDriverFactory.newWebdriverInstance(WebDriverFactory.java:142)
	... 93 more
&amp#27;[0m
  &amp#27;[36mAnd &amp#27;[0m&amp#27;[36mvalido que carguen correctamente los productos en la galeria&amp#27;[0m &amp#27;[90m# com.nttdata.stepsdefinitions.CompraStepsDefs.validoQueCarguenCorrectamenteLosProductosEnLaGaleria()&amp#27;[0m
  &amp#27;[36mWhen &amp#27;[0m&amp#27;[36magrego &amp#27;[0m&amp#27;[36m&amp#27;[1m1&amp#27;[0m&amp#27;[36m del siguiente producto &amp#27;[0m&amp#27;[36m&amp#27;[1m"Sauce Labs Backpack"&amp#27;[0m       &amp#27;[90m# com.nttdata.stepsdefinitions.CompraStepsDefs.agregoUNIDADESDelSiguienteProducto(int,java.lang.String)&amp#27;[0m
  &amp#27;[36mThen &amp#27;[0m&amp#27;[36mvalido el carrito de compra actualice correctamente&amp#27;[0m         &amp#27;[90m# com.nttdata.stepsdefinitions.CompraStepsDefs.validoElCarritoDeCompraActualiceCorrectamente()&amp#27;[0m
]]></system-out>
  </testcase>
  <testcase name="Compra de productos #2" classname="Prueba de compras en My Demo App" time="24.817">
    <error message="Failed to create step library for CarritoScreen:Could not instantiate class io.appium.java_client.AppiumDriver" type="net.serenitybdd.core.exceptions.StepInitialisationException">net.serenitybdd.core.exceptions.StepInitialisationException: Failed to create step library for CarritoScreen:Could not instantiate class io.appium.java_client.AppiumDriver
Caused by: net.thucydides.core.webdriver.DriverConfigurationError: Could not instantiate class io.appium.java_client.AppiumDriver
Caused by: net.thucydides.core.webdriver.DriverConfigurationError: 
WebDriver was unable to create a new instance of type class io.appium.java_client.AppiumDriver
WebDriver reported the following message: Could not start a new session. Response code 500. Message: An unknown server-side error occurred while processing the command. Original error: Cannot start the 'com.saucelabs.mydemoapp.android' application. Consider checking the driver's troubleshooting documentation. Original error: 'com.saucelabs.mydemoapp.android.view.activities.SplashActivity' or 'com.saucelabs.mydemoapp.android.com.saucelabs.mydemoapp.android.view.activities.SplashActivity' never started. Consider checking the driver's troubleshooting documentation. 
Host info: host: 'GERMANMP', ip: '192.168.1.39'
Build info: version: '4.14.1', revision: '03f8ede370'
System info: os.name: 'Windows 11', os.arch: 'amd64', os.version: '10.0', java.version: '17.0.10'
Driver info: io.appium.java_client.android.AndroidDriver
Command: [null, newSession {capabilities=[{appium:app=/Users/delta/Downloads/qa-lab-mobile-automation-dec/qa-lab-mobile-automation-dec/src/test/resources/app/mda-2.0.2-23.apk, appium:automationName=UIAutomator2, appium:deviceName=Automation, appium:hub=http://localhost:4723/wd/hub, platformName=ANDROID, appium:platformVersion=11.0}], desiredCapabilities=Capabilities {app: /Users/delta/Downloads/qa-l..., automationName: UIAutomator2, deviceName: Automation, hub: http://localhost:4723/wd/hub, platformName: ANDROID, platformVersion: 11.0}}]
Capabilities {app: /Users/delta/Downloads/qa-l..., automationName: UIAutomator2, deviceName: Automation, hub: http://localhost:4723/wd/hub, platformName: ANDROID, platformVersion: 11.0}
See below for more details.
Caused by: org.openqa.selenium.SessionNotCreatedException: 
Could not start a new session. Response code 500. Message: An unknown server-side error occurred while processing the command. Original error: Cannot start the 'com.saucelabs.mydemoapp.android' application. Consider checking the driver's troubleshooting documentation. Original error: 'com.saucelabs.mydemoapp.android.view.activities.SplashActivity' or 'com.saucelabs.mydemoapp.android.com.saucelabs.mydemoapp.android.view.activities.SplashActivity' never started. Consider checking the driver's troubleshooting documentation. 
Host info: host: 'GERMANMP', ip: '192.168.1.39'
Build info: version: '4.14.1', revision: '03f8ede370'
System info: os.name: 'Windows 11', os.arch: 'amd64', os.version: '10.0', java.version: '17.0.10'
Driver info: io.appium.java_client.android.AndroidDriver
Command: [null, newSession {capabilities=[{appium:app=/Users/delta/Downloads/qa-lab-mobile-automation-dec/qa-lab-mobile-automation-dec/src/test/resources/app/mda-2.0.2-23.apk, appium:automationName=UIAutomator2, appium:deviceName=Automation, appium:hub=http://localhost:4723/wd/hub, platformName=ANDROID, appium:platformVersion=11.0}], desiredCapabilities=Capabilities {app: /Users/delta/Downloads/qa-l..., automationName: UIAutomator2, deviceName: Automation, hub: http://localhost:4723/wd/hub, platformName: ANDROID, platformVersion: 11.0}}]
Capabilities {app: /Users/delta/Downloads/qa-l..., automationName: UIAutomator2, deviceName: Automation, hub: http://localhost:4723/wd/hub, platformName: ANDROID, platformVersion: 11.0}
</error>
    <system-out><![CDATA[
@pruebas @compras
Scenario Outline: Compra de productos                              &amp#27;[90m# src/test/resources/features/login.feature:13&amp#27;[0m
21:11:49.600 [pool-1-thread-1] DEBUG io.cucumber.core.plugin.SerenityReporter - Running feature from file:///C:/Users/delta/Downloads/qa-lab-mobile-automation-dec/qa-lab-mobile-automation-dec/src/test/resources/features/login.feature
  &amp#27;[31mGiven &amp#27;[0m&amp#27;[31mestoy en la aplicaciÃ³n de SauceLabs&amp#27;[0m                        &amp#27;[90m# com.nttdata.stepsdefinitions.CompraStepsDefs.estoyEnLaAplicaciÃ³nDeSauceLabs()&amp#27;[0m
      &amp#27;[31mnet.serenitybdd.core.exceptions.StepInitialisationException: Failed to create step library for CarritoScreen:Could not instantiate class io.appium.java_client.AppiumDriver
	at net.thucydides.core.steps.StepFactory.getNewStepLibraryFor(StepFactory.java:132)
	at net.thucydides.core.steps.IndividualInstancesByDefaultStepCreationStrategy.initiateStepsFor(IndividualInstancesByDefaultStepCreationStrategy.java:16)
	at net.thucydides.core.steps.StepAnnotations.instantiateAnyUnitiaializedSteps(StepAnnotations.java:89)
	at net.thucydides.core.steps.StepAnnotations.instanciateScenarioStepFields(StepAnnotations.java:70)
	at net.thucydides.core.steps.StepAnnotations.injectScenarioStepsInto(StepAnnotations.java:52)
	at net.serenitybdd.core.Serenity.injectScenarioStepsInto(Serenity.java:147)
	at net.serenitybdd.core.Serenity.initializeWithNoStepListener(Serenity.java:115)
	at cucumber.runtime.SerenityObjectFactory.newInstance(SerenityObjectFactory.java:74)
	at cucumber.runtime.SerenityObjectFactory.cacheNewInstance(SerenityObjectFactory.java:57)
	at cucumber.runtime.SerenityObjectFactory.getInstance(SerenityObjectFactory.java:47)
	at io.cucumber.java.AbstractGlueDefinition.invokeMethod(AbstractGlueDefinition.java:47)
	at io.cucumber.java.JavaStepDefinition.execute(JavaStepDefinition.java:29)
	at io.cucumber.core.runner.CoreStepDefinition.execute(CoreStepDefinition.java:66)
	at io.cucumber.core.runner.PickleStepDefinitionMatch.runStep(PickleStepDefinitionMatch.java:63)
	at io.cucumber.core.runner.ExecutionMode$1.execute(ExecutionMode.java:10)
	at io.cucumber.core.runner.TestStep.executeStep(TestStep.java:84)
	at io.cucumber.core.runner.TestStep.run(TestStep.java:56)
	at io.cucumber.core.runner.PickleStepTestStep.run(PickleStepTestStep.java:51)
	at io.cucumber.core.runner.TestCase.run(TestCase.java:84)
	at io.cucumber.core.runner.Runner.runPickle(Runner.java:75)
	at io.cucumber.junit.PickleRunners$NoStepDescriptions.lambda$run$0(PickleRunners.java:151)
	at io.cucumber.core.runtime.CucumberExecutionContext.lambda$runTestCase$5(CucumberExecutionContext.java:137)
	at io.cucumber.core.runtime.RethrowingThrowableCollector.executeAndThrow(RethrowingThrowableCollector.java:23)
	at io.cucumber.core.runtime.CucumberExecutionContext.runTestCase(CucumberExecutionContext.java:137)
	at io.cucumber.junit.PickleRunners$NoStepDescriptions.run(PickleRunners.java:148)
	at io.cucumber.junit.FeatureRunner.runChild(FeatureRunner.java:144)
	at io.cucumber.junit.FeatureRunner.runChild(FeatureRunner.java:28)
	at org.junit.runners.ParentRunner$4.run(ParentRunner.java:331)
	at org.junit.runners.ParentRunner$1.schedule(ParentRunner.java:79)
	at org.junit.runners.ParentRunner.runChildren(ParentRunner.java:329)
	at org.junit.runners.ParentRunner.access$100(ParentRunner.java:66)
	at org.junit.runners.ParentRunner$2.evaluate(ParentRunner.java:293)
	at org.junit.runners.ParentRunner$3.evaluate(ParentRunner.java:306)
	at org.junit.runners.ParentRunner.run(ParentRunner.java:413)
	at io.cucumber.junit.FeatureRunner.run(FeatureRunner.java:137)
	at io.cucumber.junit.CucumberSerenityBaseRunner.runChild(CucumberSerenityBaseRunner.java:332)
	at io.cucumber.junit.CucumberSerenityBaseRunner.runChild(CucumberSerenityBaseRunner.java:53)
	at org.junit.runners.ParentRunner$4.run(ParentRunner.java:331)
	at org.apache.maven.surefire.junitcore.pc.Scheduler$1.run(Scheduler.java:410)
	at org.apache.maven.surefire.junitcore.pc.InvokerStrategy.schedule(InvokerStrategy.java:54)
	at org.apache.maven.surefire.junitcore.pc.Scheduler.schedule(Scheduler.java:367)
	at org.junit.runners.ParentRunner.runChildren(ParentRunner.java:329)
	at org.junit.runners.ParentRunner.access$100(ParentRunner.java:66)
	at org.junit.runners.ParentRunner$2.evaluate(ParentRunner.java:293)
	at io.cucumber.junit.CucumberSerenityBaseRunner$RunCucumber.evaluate(CucumberSerenityBaseRunner.java:363)
	at org.junit.runners.ParentRunner$3.evaluate(ParentRunner.java:306)
	at org.junit.runners.ParentRunner.run(ParentRunner.java:413)
	at org.junit.runners.Suite.runChild(Suite.java:128)
	at org.junit.runners.Suite.runChild(Suite.java:27)
	at org.junit.runners.ParentRunner$4.run(ParentRunner.java:331)
	at org.apache.maven.surefire.junitcore.pc.Scheduler$1.run(Scheduler.java:410)
	at java.base/java.util.concurrent.Executors$RunnableAdapter.call(Executors.java:539)
	at java.base/java.util.concurrent.FutureTask.run(FutureTask.java:264)
	at java.base/java.util.concurrent.ThreadPoolExecutor.runWorker(ThreadPoolExecutor.java:1136)
	at java.base/java.util.concurrent.ThreadPoolExecutor$Worker.run(ThreadPoolExecutor.java:635)
	at java.base/java.lang.Thread.run(Thread.java:842)
Caused by: net.thucydides.core.webdriver.DriverConfigurationError: Could not instantiate class io.appium.java_client.AppiumDriver
	at net.thucydides.core.webdriver.WebDriverFacade.newDriverInstance(WebDriverFacade.java:181)
	at net.thucydides.core.webdriver.WebDriverFacade.newProxyDriver(WebDriverFacade.java:169)
	at net.thucydides.core.webdriver.WebDriverFacade.getProxiedDriver(WebDriverFacade.java:120)
	at net.serenitybdd.core.webdriver.RemoteDriver.of(RemoteDriver.java:18)
	at net.thucydides.core.webdriver.appium.AppiumConfiguration.getTargetPlatform(AppiumConfiguration.java:55)
	at net.thucydides.core.webdriver.ElementLocatorFactorySelector.platformFor(ElementLocatorFactorySelector.java:52)
	at net.thucydides.core.webdriver.ElementLocatorFactorySelector.getLocatorFor(ElementLocatorFactorySelector.java:42)
	at net.thucydides.core.webdriver.ElementLocatorFactorySelector.getLocatorFor(ElementLocatorFactorySelector.java:31)
	at net.thucydides.core.annotations.locators.SmartElementProxyCreator.proxyElements(SmartElementProxyCreator.java:21)
	at net.thucydides.core.webdriver.DefaultPageObjectInitialiser.apply(DefaultPageObjectInitialiser.java:20)
	at net.serenitybdd.core.pages.PageObject.setDriver(PageObject.java:167)
	at com.nttdata.steps.CarritoScreen$ByteBuddy$G33QwQu6.setDriver$accessor$jgX0n2Iu(Unknown Source)
	at java.base/jdk.internal.reflect.NativeMethodAccessorImpl.invoke0(Native Method)
	at java.base/jdk.internal.reflect.NativeMethodAccessorImpl.invoke(NativeMethodAccessorImpl.java:77)
	at java.base/jdk.internal.reflect.DelegatingMethodAccessorImpl.invoke(DelegatingMethodAccessorImpl.java:43)
	at java.base/java.lang.reflect.Method.invoke(Method.java:568)
	at net.thucydides.core.steps.StepInterceptor.invokeMethod(StepInterceptor.java:519)
	at net.thucydides.core.steps.StepInterceptor.runBaseObjectMethod(StepInterceptor.java:411)
	at net.thucydides.core.steps.StepInterceptor.intercept(StepInterceptor.java:90)
	at net.thucydides.core.steps.ProxyConfiguration$InterceptorDispatcher.intercept(ProxyConfiguration.java:51)
	at com.nttdata.steps.CarritoScreen$ByteBuddy$G33QwQu6.setDriver(Unknown Source)
	at net.serenitybdd.core.pages.PageObject.setDriver(PageObject.java:171)
	at com.nttdata.steps.CarritoScreen$ByteBuddy$G33QwQu6.setDriver$accessor$jgX0n2Iu(Unknown Source)
	at java.base/jdk.internal.reflect.NativeMethodAccessorImpl.invoke0(Native Method)
	at java.base/jdk.internal.reflect.NativeMethodAccessorImpl.invoke(NativeMethodAccessorImpl.java:77)
	at java.base/jdk.internal.reflect.DelegatingMethodAccessorImpl.invoke(DelegatingMethodAccessorImpl.java:43)
	at java.base/java.lang.reflect.Method.invoke(Method.java:568)
	at net.thucydides.core.steps.StepInterceptor.invokeMethod(StepInterceptor.java:519)
	at net.thucydides.core.steps.StepInterceptor.runBaseObjectMethod(StepInterceptor.java:411)
	at net.thucydides.core.steps.StepInterceptor.intercept(StepInterceptor.java:90)
	at net.thucydides.core.steps.ProxyConfiguration$InterceptorDispatcher.intercept(ProxyConfiguration.java:51)
	at com.nttdata.steps.CarritoScreen$ByteBuddy$G33QwQu6.setDriver(Unknown Source)
	at net.thucydides.core.steps.PageObjectDependencyInjector.updatePageObject(PageObjectDependencyInjector.java:98)
	at net.thucydides.core.steps.PageObjectDependencyInjector.injectDependenciesInto(PageObjectDependencyInjector.java:48)
	at net.thucydides.core.steps.StepFactory.injectOtherDependenciesInto(StepFactory.java:208)
	at net.thucydides.core.steps.StepFactory.instantiateNewStepLibraryFor(StepFactory.java:198)
	at net.thucydides.core.steps.StepFactory.instantiateNewStepLibraryFor(StepFactory.java:179)
	at net.thucydides.core.steps.StepFactory.getNewStepLibraryFor(StepFactory.java:126)
	... 55 more
Caused by: net.thucydides.core.webdriver.DriverConfigurationError: WebDriver was unable to create a new instance of type class io.appium.java_client.AppiumDriver
WebDriver reported the following message: Could not start a new session. Response code 500. Message: An unknown server-side error occurred while processing the command. Original error: Cannot start the 'com.saucelabs.mydemoapp.android' application. Consider checking the driver's troubleshooting documentation. Original error: 'com.saucelabs.mydemoapp.android.view.activities.SplashActivity' or 'com.saucelabs.mydemoapp.android.com.saucelabs.mydemoapp.android.view.activities.SplashActivity' never started. Consider checking the driver's troubleshooting documentation. 
Host info: host: 'GERMANMP', ip: '192.168.1.39'
Build info: version: '4.14.1', revision: '03f8ede370'
System info: os.name: 'Windows 11', os.arch: 'amd64', os.version: '10.0', java.version: '17.0.10'
Driver info: io.appium.java_client.android.AndroidDriver
Command: [null, newSession {capabilities=[{appium:app=/Users/delta/Downloads/qa-lab-mobile-automation-dec/qa-lab-mobile-automation-dec/src/test/resources/app/mda-2.0.2-23.apk, appium:automationName=UIAutomator2, appium:deviceName=Automation, appium:hub=http://localhost:4723/wd/hub, platformName=ANDROID, appium:platformVersion=11.0}], desiredCapabilities=Capabilities {app: /Users/delta/Downloads/qa-l..., automationName: UIAutomator2, deviceName: Automation, hub: http://localhost:4723/wd/hub, platformName: ANDROID, platformVersion: 11.0}}]
Capabilities {app: /Users/delta/Downloads/qa-l..., automationName: UIAutomator2, deviceName: Automation, hub: http://localhost:4723/wd/hub, platformName: ANDROID, platformVersion: 11.0}
See below for more details.
	at net.thucydides.core.webdriver.WebDriverFactory.newWebdriverInstance(WebDriverFactory.java:152)
	at net.thucydides.core.webdriver.WebDriverFacade.newDriverInstance(WebDriverFacade.java:178)
	... 92 more
Caused by: org.openqa.selenium.SessionNotCreatedException: Could not start a new session. Response code 500. Message: An unknown server-side error occurred while processing the command. Original error: Cannot start the 'com.saucelabs.mydemoapp.android' application. Consider checking the driver's troubleshooting documentation. Original error: 'com.saucelabs.mydemoapp.android.view.activities.SplashActivity' or 'com.saucelabs.mydemoapp.android.com.saucelabs.mydemoapp.android.view.activities.SplashActivity' never started. Consider checking the driver's troubleshooting documentation. 
Host info: host: 'GERMANMP', ip: '192.168.1.39'
Build info: version: '4.14.1', revision: '03f8ede370'
System info: os.name: 'Windows 11', os.arch: 'amd64', os.version: '10.0', java.version: '17.0.10'
Driver info: io.appium.java_client.android.AndroidDriver
Command: [null, newSession {capabilities=[{appium:app=/Users/delta/Downloads/qa-lab-mobile-automation-dec/qa-lab-mobile-automation-dec/src/test/resources/app/mda-2.0.2-23.apk, appium:automationName=UIAutomator2, appium:deviceName=Automation, appium:hub=http://localhost:4723/wd/hub, platformName=ANDROID, appium:platformVersion=11.0}], desiredCapabilities=Capabilities {app: /Users/delta/Downloads/qa-l..., automationName: UIAutomator2, deviceName: Automation, hub: http://localhost:4723/wd/hub, platformName: ANDROID, platformVersion: 11.0}}]
Capabilities {app: /Users/delta/Downloads/qa-l..., automationName: UIAutomator2, deviceName: Automation, hub: http://localhost:4723/wd/hub, platformName: ANDROID, platformVersion: 11.0}
	at org.openqa.selenium.remote.ProtocolHandshake.createSession(ProtocolHandshake.java:140)
	at java.base/jdk.internal.reflect.NativeMethodAccessorImpl.invoke0(Native Method)
	at java.base/jdk.internal.reflect.NativeMethodAccessorImpl.invoke(NativeMethodAccessorImpl.java:77)
	at java.base/jdk.internal.reflect.DelegatingMethodAccessorImpl.invoke(DelegatingMethodAccessorImpl.java:43)
	at java.base/java.lang.reflect.Method.invoke(Method.java:568)
	at io.appium.java_client.remote.AppiumProtocolHandshake.createSession(AppiumProtocolHandshake.java:133)
	at io.appium.java_client.remote.AppiumProtocolHandshake.createSession(AppiumProtocolHandshake.java:102)
	at io.appium.java_client.remote.AppiumCommandExecutor.createSession(AppiumCommandExecutor.java:177)
	at io.appium.java_client.remote.AppiumCommandExecutor.execute(AppiumCommandExecutor.java:238)
	at org.openqa.selenium.remote.RemoteWebDriver.execute(RemoteWebDriver.java:602)
	at io.appium.java_client.AppiumDriver.startSession(AppiumDriver.java:268)
	at org.openqa.selenium.remote.RemoteWebDriver.<init>(RemoteWebDriver.java:163)
	at io.appium.java_client.AppiumDriver.<init>(AppiumDriver.java:90)
	at io.appium.java_client.AppiumDriver.<init>(AppiumDriver.java:102)
	at io.appium.java_client.android.AndroidDriver.<init>(AndroidDriver.java:109)
	at net.serenitybdd.core.webdriver.driverproviders.AppiumDriverProvider.newDriverUsingExternalServer(AppiumDriverProvider.java:61)
	at net.serenitybdd.core.webdriver.driverproviders.AppiumDriverProvider.newInstance(AppiumDriverProvider.java:49)
	at net.thucydides.core.webdriver.WebDriverFactory.createWebDriver(WebDriverFactory.java:164)
	at net.thucydides.core.webdriver.WebDriverFactory.newWebdriverInstance(WebDriverFactory.java:142)
	... 93 more
&amp#27;[0m
  &amp#27;[36mAnd &amp#27;[0m&amp#27;[36mvalido que carguen correctamente los productos en la galeria&amp#27;[0m &amp#27;[90m# com.nttdata.stepsdefinitions.CompraStepsDefs.validoQueCarguenCorrectamenteLosProductosEnLaGaleria()&amp#27;[0m
  &amp#27;[36mWhen &amp#27;[0m&amp#27;[36magrego &amp#27;[0m&amp#27;[36m&amp#27;[1m1&amp#27;[0m&amp#27;[36m del siguiente producto &amp#27;[0m&amp#27;[36m&amp#27;[1m"Sauce Labs Bolt - T-Shirt"&amp#27;[0m &amp#27;[90m# com.nttdata.stepsdefinitions.CompraStepsDefs.agregoUNIDADESDelSiguienteProducto(int,java.lang.String)&amp#27;[0m
  &amp#27;[36mThen &amp#27;[0m&amp#27;[36mvalido el carrito de compra actualice correctamente&amp#27;[0m         &amp#27;[90m# com.nttdata.stepsdefinitions.CompraStepsDefs.validoElCarritoDeCompraActualiceCorrectamente()&amp#27;[0m
]]></system-out>
  </testcase>
  <testcase name="Compra de productos #3" classname="Prueba de compras en My Demo App" time="24.793">
    <error message="Failed to create step library for CarritoScreen:Could not instantiate class io.appium.java_client.AppiumDriver" type="net.serenitybdd.core.exceptions.StepInitialisationException">net.serenitybdd.core.exceptions.StepInitialisationException: Failed to create step library for CarritoScreen:Could not instantiate class io.appium.java_client.AppiumDriver
Caused by: net.thucydides.core.webdriver.DriverConfigurationError: Could not instantiate class io.appium.java_client.AppiumDriver
Caused by: net.thucydides.core.webdriver.DriverConfigurationError: 
WebDriver was unable to create a new instance of type class io.appium.java_client.AppiumDriver
WebDriver reported the following message: Could not start a new session. Response code 500. Message: An unknown server-side error occurred while processing the command. Original error: Cannot start the 'com.saucelabs.mydemoapp.android' application. Consider checking the driver's troubleshooting documentation. Original error: 'com.saucelabs.mydemoapp.android.view.activities.SplashActivity' or 'com.saucelabs.mydemoapp.android.com.saucelabs.mydemoapp.android.view.activities.SplashActivity' never started. Consider checking the driver's troubleshooting documentation. 
Host info: host: 'GERMANMP', ip: '192.168.1.39'
Build info: version: '4.14.1', revision: '03f8ede370'
System info: os.name: 'Windows 11', os.arch: 'amd64', os.version: '10.0', java.version: '17.0.10'
Driver info: io.appium.java_client.android.AndroidDriver
Command: [null, newSession {capabilities=[{appium:app=/Users/delta/Downloads/qa-lab-mobile-automation-dec/qa-lab-mobile-automation-dec/src/test/resources/app/mda-2.0.2-23.apk, appium:automationName=UIAutomator2, appium:deviceName=Automation, appium:hub=http://localhost:4723/wd/hub, platformName=ANDROID, appium:platformVersion=11.0}], desiredCapabilities=Capabilities {app: /Users/delta/Downloads/qa-l..., automationName: UIAutomator2, deviceName: Automation, hub: http://localhost:4723/wd/hub, platformName: ANDROID, platformVersion: 11.0}}]
Capabilities {app: /Users/delta/Downloads/qa-l..., automationName: UIAutomator2, deviceName: Automation, hub: http://localhost:4723/wd/hub, platformName: ANDROID, platformVersion: 11.0}
See below for more details.
Caused by: org.openqa.selenium.SessionNotCreatedException: 
Could not start a new session. Response code 500. Message: An unknown server-side error occurred while processing the command. Original error: Cannot start the 'com.saucelabs.mydemoapp.android' application. Consider checking the driver's troubleshooting documentation. Original error: 'com.saucelabs.mydemoapp.android.view.activities.SplashActivity' or 'com.saucelabs.mydemoapp.android.com.saucelabs.mydemoapp.android.view.activities.SplashActivity' never started. Consider checking the driver's troubleshooting documentation. 
Host info: host: 'GERMANMP', ip: '192.168.1.39'
Build info: version: '4.14.1', revision: '03f8ede370'
System info: os.name: 'Windows 11', os.arch: 'amd64', os.version: '10.0', java.version: '17.0.10'
Driver info: io.appium.java_client.android.AndroidDriver
Command: [null, newSession {capabilities=[{appium:app=/Users/delta/Downloads/qa-lab-mobile-automation-dec/qa-lab-mobile-automation-dec/src/test/resources/app/mda-2.0.2-23.apk, appium:automationName=UIAutomator2, appium:deviceName=Automation, appium:hub=http://localhost:4723/wd/hub, platformName=ANDROID, appium:platformVersion=11.0}], desiredCapabilities=Capabilities {app: /Users/delta/Downloads/qa-l..., automationName: UIAutomator2, deviceName: Automation, hub: http://localhost:4723/wd/hub, platformName: ANDROID, platformVersion: 11.0}}]
Capabilities {app: /Users/delta/Downloads/qa-l..., automationName: UIAutomator2, deviceName: Automation, hub: http://localhost:4723/wd/hub, platformName: ANDROID, platformVersion: 11.0}
</error>
    <system-out><![CDATA[
@pruebas @compras
Scenario Outline: Compra de productos                              &amp#27;[90m# src/test/resources/features/login.feature:14&amp#27;[0m
21:12:14.429 [pool-1-thread-1] DEBUG io.cucumber.core.plugin.SerenityReporter - Running feature from file:///C:/Users/delta/Downloads/qa-lab-mobile-automation-dec/qa-lab-mobile-automation-dec/src/test/resources/features/login.feature
  &amp#27;[31mGiven &amp#27;[0m&amp#27;[31mestoy en la aplicaciÃ³n de SauceLabs&amp#27;[0m                        &amp#27;[90m# com.nttdata.stepsdefinitions.CompraStepsDefs.estoyEnLaAplicaciÃ³nDeSauceLabs()&amp#27;[0m
      &amp#27;[31mnet.serenitybdd.core.exceptions.StepInitialisationException: Failed to create step library for CarritoScreen:Could not instantiate class io.appium.java_client.AppiumDriver
	at net.thucydides.core.steps.StepFactory.getNewStepLibraryFor(StepFactory.java:132)
	at net.thucydides.core.steps.IndividualInstancesByDefaultStepCreationStrategy.initiateStepsFor(IndividualInstancesByDefaultStepCreationStrategy.java:16)
	at net.thucydides.core.steps.StepAnnotations.instantiateAnyUnitiaializedSteps(StepAnnotations.java:89)
	at net.thucydides.core.steps.StepAnnotations.instanciateScenarioStepFields(StepAnnotations.java:70)
	at net.thucydides.core.steps.StepAnnotations.injectScenarioStepsInto(StepAnnotations.java:52)
	at net.serenitybdd.core.Serenity.injectScenarioStepsInto(Serenity.java:147)
	at net.serenitybdd.core.Serenity.initializeWithNoStepListener(Serenity.java:115)
	at cucumber.runtime.SerenityObjectFactory.newInstance(SerenityObjectFactory.java:74)
	at cucumber.runtime.SerenityObjectFactory.cacheNewInstance(SerenityObjectFactory.java:57)
	at cucumber.runtime.SerenityObjectFactory.getInstance(SerenityObjectFactory.java:47)
	at io.cucumber.java.AbstractGlueDefinition.invokeMethod(AbstractGlueDefinition.java:47)
	at io.cucumber.java.JavaStepDefinition.execute(JavaStepDefinition.java:29)
	at io.cucumber.core.runner.CoreStepDefinition.execute(CoreStepDefinition.java:66)
	at io.cucumber.core.runner.PickleStepDefinitionMatch.runStep(PickleStepDefinitionMatch.java:63)
	at io.cucumber.core.runner.ExecutionMode$1.execute(ExecutionMode.java:10)
	at io.cucumber.core.runner.TestStep.executeStep(TestStep.java:84)
	at io.cucumber.core.runner.TestStep.run(TestStep.java:56)
	at io.cucumber.core.runner.PickleStepTestStep.run(PickleStepTestStep.java:51)
	at io.cucumber.core.runner.TestCase.run(TestCase.java:84)
	at io.cucumber.core.runner.Runner.runPickle(Runner.java:75)
	at io.cucumber.junit.PickleRunners$NoStepDescriptions.lambda$run$0(PickleRunners.java:151)
	at io.cucumber.core.runtime.CucumberExecutionContext.lambda$runTestCase$5(CucumberExecutionContext.java:137)
	at io.cucumber.core.runtime.RethrowingThrowableCollector.executeAndThrow(RethrowingThrowableCollector.java:23)
	at io.cucumber.core.runtime.CucumberExecutionContext.runTestCase(CucumberExecutionContext.java:137)
	at io.cucumber.junit.PickleRunners$NoStepDescriptions.run(PickleRunners.java:148)
	at io.cucumber.junit.FeatureRunner.runChild(FeatureRunner.java:144)
	at io.cucumber.junit.FeatureRunner.runChild(FeatureRunner.java:28)
	at org.junit.runners.ParentRunner$4.run(ParentRunner.java:331)
	at org.junit.runners.ParentRunner$1.schedule(ParentRunner.java:79)
	at org.junit.runners.ParentRunner.runChildren(ParentRunner.java:329)
	at org.junit.runners.ParentRunner.access$100(ParentRunner.java:66)
	at org.junit.runners.ParentRunner$2.evaluate(ParentRunner.java:293)
	at org.junit.runners.ParentRunner$3.evaluate(ParentRunner.java:306)
	at org.junit.runners.ParentRunner.run(ParentRunner.java:413)
	at io.cucumber.junit.FeatureRunner.run(FeatureRunner.java:137)
	at io.cucumber.junit.CucumberSerenityBaseRunner.runChild(CucumberSerenityBaseRunner.java:332)
	at io.cucumber.junit.CucumberSerenityBaseRunner.runChild(CucumberSerenityBaseRunner.java:53)
	at org.junit.runners.ParentRunner$4.run(ParentRunner.java:331)
	at org.apache.maven.surefire.junitcore.pc.Scheduler$1.run(Scheduler.java:410)
	at org.apache.maven.surefire.junitcore.pc.InvokerStrategy.schedule(InvokerStrategy.java:54)
	at org.apache.maven.surefire.junitcore.pc.Scheduler.schedule(Scheduler.java:367)
	at org.junit.runners.ParentRunner.runChildren(ParentRunner.java:329)
	at org.junit.runners.ParentRunner.access$100(ParentRunner.java:66)
	at org.junit.runners.ParentRunner$2.evaluate(ParentRunner.java:293)
	at io.cucumber.junit.CucumberSerenityBaseRunner$RunCucumber.evaluate(CucumberSerenityBaseRunner.java:363)
	at org.junit.runners.ParentRunner$3.evaluate(ParentRunner.java:306)
	at org.junit.runners.ParentRunner.run(ParentRunner.java:413)
	at org.junit.runners.Suite.runChild(Suite.java:128)
	at org.junit.runners.Suite.runChild(Suite.java:27)
	at org.junit.runners.ParentRunner$4.run(ParentRunner.java:331)
	at org.apache.maven.surefire.junitcore.pc.Scheduler$1.run(Scheduler.java:410)
	at java.base/java.util.concurrent.Executors$RunnableAdapter.call(Executors.java:539)
	at java.base/java.util.concurrent.FutureTask.run(FutureTask.java:264)
	at java.base/java.util.concurrent.ThreadPoolExecutor.runWorker(ThreadPoolExecutor.java:1136)
	at java.base/java.util.concurrent.ThreadPoolExecutor$Worker.run(ThreadPoolExecutor.java:635)
	at java.base/java.lang.Thread.run(Thread.java:842)
Caused by: net.thucydides.core.webdriver.DriverConfigurationError: Could not instantiate class io.appium.java_client.AppiumDriver
	at net.thucydides.core.webdriver.WebDriverFacade.newDriverInstance(WebDriverFacade.java:181)
	at net.thucydides.core.webdriver.WebDriverFacade.newProxyDriver(WebDriverFacade.java:169)
	at net.thucydides.core.webdriver.WebDriverFacade.getProxiedDriver(WebDriverFacade.java:120)
	at net.serenitybdd.core.webdriver.RemoteDriver.of(RemoteDriver.java:18)
	at net.thucydides.core.webdriver.appium.AppiumConfiguration.getTargetPlatform(AppiumConfiguration.java:55)
	at net.thucydides.core.webdriver.ElementLocatorFactorySelector.platformFor(ElementLocatorFactorySelector.java:52)
	at net.thucydides.core.webdriver.ElementLocatorFactorySelector.getLocatorFor(ElementLocatorFactorySelector.java:42)
	at net.thucydides.core.webdriver.ElementLocatorFactorySelector.getLocatorFor(ElementLocatorFactorySelector.java:31)
	at net.thucydides.core.annotations.locators.SmartElementProxyCreator.proxyElements(SmartElementProxyCreator.java:21)
	at net.thucydides.core.webdriver.DefaultPageObjectInitialiser.apply(DefaultPageObjectInitialiser.java:20)
	at net.serenitybdd.core.pages.PageObject.setDriver(PageObject.java:167)
	at com.nttdata.steps.CarritoScreen$ByteBuddy$G33QwQu6.setDriver$accessor$jgX0n2Iu(Unknown Source)
	at java.base/jdk.internal.reflect.NativeMethodAccessorImpl.invoke0(Native Method)
	at java.base/jdk.internal.reflect.NativeMethodAccessorImpl.invoke(NativeMethodAccessorImpl.java:77)
	at java.base/jdk.internal.reflect.DelegatingMethodAccessorImpl.invoke(DelegatingMethodAccessorImpl.java:43)
	at java.base/java.lang.reflect.Method.invoke(Method.java:568)
	at net.thucydides.core.steps.StepInterceptor.invokeMethod(StepInterceptor.java:519)
	at net.thucydides.core.steps.StepInterceptor.runBaseObjectMethod(StepInterceptor.java:411)
	at net.thucydides.core.steps.StepInterceptor.intercept(StepInterceptor.java:90)
	at net.thucydides.core.steps.ProxyConfiguration$InterceptorDispatcher.intercept(ProxyConfiguration.java:51)
	at com.nttdata.steps.CarritoScreen$ByteBuddy$G33QwQu6.setDriver(Unknown Source)
	at net.serenitybdd.core.pages.PageObject.setDriver(PageObject.java:171)
	at com.nttdata.steps.CarritoScreen$ByteBuddy$G33QwQu6.setDriver$accessor$jgX0n2Iu(Unknown Source)
	at java.base/jdk.internal.reflect.NativeMethodAccessorImpl.invoke0(Native Method)
	at java.base/jdk.internal.reflect.NativeMethodAccessorImpl.invoke(NativeMethodAccessorImpl.java:77)
	at java.base/jdk.internal.reflect.DelegatingMethodAccessorImpl.invoke(DelegatingMethodAccessorImpl.java:43)
	at java.base/java.lang.reflect.Method.invoke(Method.java:568)
	at net.thucydides.core.steps.StepInterceptor.invokeMethod(StepInterceptor.java:519)
	at net.thucydides.core.steps.StepInterceptor.runBaseObjectMethod(StepInterceptor.java:411)
	at net.thucydides.core.steps.StepInterceptor.intercept(StepInterceptor.java:90)
	at net.thucydides.core.steps.ProxyConfiguration$InterceptorDispatcher.intercept(ProxyConfiguration.java:51)
	at com.nttdata.steps.CarritoScreen$ByteBuddy$G33QwQu6.setDriver(Unknown Source)
	at net.thucydides.core.steps.PageObjectDependencyInjector.updatePageObject(PageObjectDependencyInjector.java:98)
	at net.thucydides.core.steps.PageObjectDependencyInjector.injectDependenciesInto(PageObjectDependencyInjector.java:48)
	at net.thucydides.core.steps.StepFactory.injectOtherDependenciesInto(StepFactory.java:208)
	at net.thucydides.core.steps.StepFactory.instantiateNewStepLibraryFor(StepFactory.java:198)
	at net.thucydides.core.steps.StepFactory.instantiateNewStepLibraryFor(StepFactory.java:179)
	at net.thucydides.core.steps.StepFactory.getNewStepLibraryFor(StepFactory.java:126)
	... 55 more
Caused by: net.thucydides.core.webdriver.DriverConfigurationError: WebDriver was unable to create a new instance of type class io.appium.java_client.AppiumDriver
WebDriver reported the following message: Could not start a new session. Response code 500. Message: An unknown server-side error occurred while processing the command. Original error: Cannot start the 'com.saucelabs.mydemoapp.android' application. Consider checking the driver's troubleshooting documentation. Original error: 'com.saucelabs.mydemoapp.android.view.activities.SplashActivity' or 'com.saucelabs.mydemoapp.android.com.saucelabs.mydemoapp.android.view.activities.SplashActivity' never started. Consider checking the driver's troubleshooting documentation. 
Host info: host: 'GERMANMP', ip: '192.168.1.39'
Build info: version: '4.14.1', revision: '03f8ede370'
System info: os.name: 'Windows 11', os.arch: 'amd64', os.version: '10.0', java.version: '17.0.10'
Driver info: io.appium.java_client.android.AndroidDriver
Command: [null, newSession {capabilities=[{appium:app=/Users/delta/Downloads/qa-lab-mobile-automation-dec/qa-lab-mobile-automation-dec/src/test/resources/app/mda-2.0.2-23.apk, appium:automationName=UIAutomator2, appium:deviceName=Automation, appium:hub=http://localhost:4723/wd/hub, platformName=ANDROID, appium:platformVersion=11.0}], desiredCapabilities=Capabilities {app: /Users/delta/Downloads/qa-l..., automationName: UIAutomator2, deviceName: Automation, hub: http://localhost:4723/wd/hub, platformName: ANDROID, platformVersion: 11.0}}]
Capabilities {app: /Users/delta/Downloads/qa-l..., automationName: UIAutomator2, deviceName: Automation, hub: http://localhost:4723/wd/hub, platformName: ANDROID, platformVersion: 11.0}
See below for more details.
	at net.thucydides.core.webdriver.WebDriverFactory.newWebdriverInstance(WebDriverFactory.java:152)
	at net.thucydides.core.webdriver.WebDriverFacade.newDriverInstance(WebDriverFacade.java:178)
	... 92 more
Caused by: org.openqa.selenium.SessionNotCreatedException: Could not start a new session. Response code 500. Message: An unknown server-side error occurred while processing the command. Original error: Cannot start the 'com.saucelabs.mydemoapp.android' application. Consider checking the driver's troubleshooting documentation. Original error: 'com.saucelabs.mydemoapp.android.view.activities.SplashActivity' or 'com.saucelabs.mydemoapp.android.com.saucelabs.mydemoapp.android.view.activities.SplashActivity' never started. Consider checking the driver's troubleshooting documentation. 
Host info: host: 'GERMANMP', ip: '192.168.1.39'
Build info: version: '4.14.1', revision: '03f8ede370'
System info: os.name: 'Windows 11', os.arch: 'amd64', os.version: '10.0', java.version: '17.0.10'
Driver info: io.appium.java_client.android.AndroidDriver
Command: [null, newSession {capabilities=[{appium:app=/Users/delta/Downloads/qa-lab-mobile-automation-dec/qa-lab-mobile-automation-dec/src/test/resources/app/mda-2.0.2-23.apk, appium:automationName=UIAutomator2, appium:deviceName=Automation, appium:hub=http://localhost:4723/wd/hub, platformName=ANDROID, appium:platformVersion=11.0}], desiredCapabilities=Capabilities {app: /Users/delta/Downloads/qa-l..., automationName: UIAutomator2, deviceName: Automation, hub: http://localhost:4723/wd/hub, platformName: ANDROID, platformVersion: 11.0}}]
Capabilities {app: /Users/delta/Downloads/qa-l..., automationName: UIAutomator2, deviceName: Automation, hub: http://localhost:4723/wd/hub, platformName: ANDROID, platformVersion: 11.0}
	at org.openqa.selenium.remote.ProtocolHandshake.createSession(ProtocolHandshake.java:140)
	at java.base/jdk.internal.reflect.NativeMethodAccessorImpl.invoke0(Native Method)
	at java.base/jdk.internal.reflect.NativeMethodAccessorImpl.invoke(NativeMethodAccessorImpl.java:77)
	at java.base/jdk.internal.reflect.DelegatingMethodAccessorImpl.invoke(DelegatingMethodAccessorImpl.java:43)
	at java.base/java.lang.reflect.Method.invoke(Method.java:568)
	at io.appium.java_client.remote.AppiumProtocolHandshake.createSession(AppiumProtocolHandshake.java:133)
	at io.appium.java_client.remote.AppiumProtocolHandshake.createSession(AppiumProtocolHandshake.java:102)
	at io.appium.java_client.remote.AppiumCommandExecutor.createSession(AppiumCommandExecutor.java:177)
	at io.appium.java_client.remote.AppiumCommandExecutor.execute(AppiumCommandExecutor.java:238)
	at org.openqa.selenium.remote.RemoteWebDriver.execute(RemoteWebDriver.java:602)
	at io.appium.java_client.AppiumDriver.startSession(AppiumDriver.java:268)
	at org.openqa.selenium.remote.RemoteWebDriver.<init>(RemoteWebDriver.java:163)
	at io.appium.java_client.AppiumDriver.<init>(AppiumDriver.java:90)
	at io.appium.java_client.AppiumDriver.<init>(AppiumDriver.java:102)
	at io.appium.java_client.android.AndroidDriver.<init>(AndroidDriver.java:109)
	at net.serenitybdd.core.webdriver.driverproviders.AppiumDriverProvider.newDriverUsingExternalServer(AppiumDriverProvider.java:61)
	at net.serenitybdd.core.webdriver.driverproviders.AppiumDriverProvider.newInstance(AppiumDriverProvider.java:49)
	at net.thucydides.core.webdriver.WebDriverFactory.createWebDriver(WebDriverFactory.java:164)
	at net.thucydides.core.webdriver.WebDriverFactory.newWebdriverInstance(WebDriverFactory.java:142)
	... 93 more
&amp#27;[0m
  &amp#27;[36mAnd &amp#27;[0m&amp#27;[36mvalido que carguen correctamente los productos en la galeria&amp#27;[0m &amp#27;[90m# com.nttdata.stepsdefinitions.CompraStepsDefs.validoQueCarguenCorrectamenteLosProductosEnLaGaleria()&amp#27;[0m
  &amp#27;[36mWhen &amp#27;[0m&amp#27;[36magrego &amp#27;[0m&amp#27;[36m&amp#27;[1m2&amp#27;[0m&amp#27;[36m del siguiente producto &amp#27;[0m&amp#27;[36m&amp#27;[1m"Sauce Labs Bike Light"&amp#27;[0m     &amp#27;[90m# com.nttdata.stepsdefinitions.CompraStepsDefs.agregoUNIDADESDelSiguienteProducto(int,java.lang.String)&amp#27;[0m
  &amp#27;[36mThen &amp#27;[0m&amp#27;[36mvalido el carrito de compra actualice correctamente&amp#27;[0m         &amp#27;[90m# com.nttdata.stepsdefinitions.CompraStepsDefs.validoElCarritoDeCompraActualiceCorrectamente()&amp#27;[0m
]]></system-out>
  </testcase>
</testsuite>